#
# There is insufficient memory for the Java Runtime Environment to continue.
# Native memory allocation (mmap) failed to map 134217728 bytes for G1 virtual space
# Possible reasons:
#   The system is out of physical RAM or swap space
#   The process is running with CompressedOops enabled, and the Java Heap may be blocking the growth of the native heap
# Possible solutions:
#   Reduce memory load on the system
#   Increase physical memory or swap space
#   Check if swap backing store is full
#   Decrease Java heap size (-Xmx/-Xms)
#   Decrease number of Java threads
#   Decrease Java thread stack sizes (-Xss)
#   Set larger code cache with -XX:ReservedCodeCacheSize=
#   JVM is running with Unscaled Compressed Oops mode in which the Java heap is
#     placed in the first 4GB address space. The Java Heap base address is the
#     maximum limit for the native heap growth. Please use -XX:HeapBaseMinAddress
#     to set the Java Heap base and to place the Java Heap above 4GB virtual address.
# This output file may be truncated or incomplete.
#
#  Out of Memory Error (os_windows.cpp:3466), pid=8032, tid=14228
#
# JRE version:  (16.0.2+7) (build )
# Java VM: OpenJDK 64-Bit Server VM (16.0.2+7, mixed mode, sharing, tiered, compressed oops, compressed class ptrs, g1 gc, windows-amd64)
# No core dump will be written. Minidumps are not enabled by default on client versions of Windows
#

---------------  S U M M A R Y ------------

Command Line: -ea -Didea.test.cyclic.buffer.size=1048576 -javaagent:C:\Program Files\JetBrains\IntelliJ IDEA 2022.2.1\lib\idea_rt.jar=60053:C:\Program Files\JetBrains\IntelliJ IDEA 2022.2.1\bin -Dfile.encoding=UTF-8 com.intellij.rt.junit.JUnitStarter -ideVersion5 -junit4 TestField.TestAuthFields

Host: Intel(R) Core(TM) i5-4340M CPU @ 2.90GHz, 4 cores, 7G,  Windows 10 , 64 bit Build 22000 (10.0.22000.708)
Time: Wed Oct 26 20:55:36 2022  Windows 10 , 64 bit Build 22000 (10.0.22000.708) elapsed time: 0.048134 seconds (0d 0h 0m 0s)

---------------  T H R E A D  ---------------

Current thread (0x0000024548536840):  JavaThread "Unknown thread" [_thread_in_vm, id=14228, stack(0x00000078d3100000,0x00000078d3200000)]

Stack: [0x00000078d3100000,0x00000078d3200000]
Native frames: (J=compiled Java code, j=interpreted, Vv=VM code, C=native code)
V  [jvm.dll+0x647e0a]
V  [jvm.dll+0x7f0549]
V  [jvm.dll+0x7f1cfe]
V  [jvm.dll+0x7f2343]
V  [jvm.dll+0x23dd88]
V  [jvm.dll+0x644b4a]
V  [jvm.dll+0x639795]
V  [jvm.dll+0x2f66f9]
V  [jvm.dll+0x2fd516]
V  [jvm.dll+0x34999a]
V  [jvm.dll+0x349bdf]
V  [jvm.dll+0x2cc918]
V  [jvm.dll+0x2cdb49]
V  [jvm.dll+0x7c4431]
V  [jvm.dll+0x356ee1]
V  [jvm.dll+0x7a30b0]
V  [jvm.dll+0x3d4c55]
V  [jvm.dll+0x3d69f1]
C  [jli.dll+0x5243]
C  [ucrtbase.dll+0x26c0c]
C  [KERNEL32.DLL+0x154e0]
C  [ntdll.dll+0x485b]


---------------  P R O C E S S  ---------------

Threads class SMR info:
_java_thread_list=0x00007ffd955673d8, length=0, elements={
}

Java Threads: ( => current thread )

Other Threads:
  0x00000245485767b0 GCTaskThread "GC Thread#0" [stack: 0x00000078d3200000,0x00000078d3300000] [id=10156]
  0x0000024548588010 ConcurrentGCThread "G1 Main Marker" [stack: 0x00000078d3300000,0x00000078d3400000] [id=15220]
  0x0000024548588b00 ConcurrentGCThread "G1 Conc#0" [stack: 0x00000078d3400000,0x00000078d3500000] [id=944]

[error occurred during error reporting (printing all threads), id 0xc0000005, EXCEPTION_ACCESS_VIOLATION (0xc0000005) at pc=0x00007ffd94cde207]

VM state: not at safepoint (not fully initialized)

VM Mutex/Monitor currently owned by a thread:  ([mutex/lock_event])
[0x0000024548533f70] Heap_lock - owner thread: 0x0000024548536840

Heap address: 0x0000000081400000, size: 2028 MB, Compressed Oops mode: 32-bit

CDS archive(s) mapped at: [0x0000000000000000-0x0000000000000000-0x0000000000000000), size 0, SharedBaseAddress: 0x0000000800000000, ArchiveRelocationMode: 0.
Narrow klass base: 0x0000000000000000, Narrow klass shift: 0, Narrow klass range: 0x0

GC Precious Log:
<Empty>

Heap:
 garbage-first heap   total 0K, used 0K [0x0000000081400000, 0x0000000100000000)
  region size 1024K, 0 young (0K), 0 survivors (0K)

[error occurred during error reporting (printing heap information), id 0xc0000005, EXCEPTION_ACCESS_VIOLATION (0xc0000005) at pc=0x00007ffd9509ff7d]

GC Heap History (0 events):
No events

Deoptimization events (0 events):
No events

Classes unloaded (0 events):
No events

Classes redefined (0 events):
No events

Internal exceptions (0 events):
No events

Events (1 events):
Event: 0.029 Loaded shared library C:\Users\eduar\.jdks\corretto-16.0.2\bin\java.dll


Dynamic libraries:
0x00007ff6706a0000 - 0x00007ff6706ad000 	C:\Users\eduar\.jdks\corretto-16.0.2\bin\java.exe
0x00007ffdcf7e0000 - 0x00007ffdcf9e9000 	C:\WINDOWS\SYSTEM32\ntdll.dll
0x00007ffdcef40000 - 0x00007ffdceffd000 	C:\WINDOWS\System32\KERNEL32.DLL
0x00007ffdcd1f0000 - 0x00007ffdcd56b000 	C:\WINDOWS\System32\KERNELBASE.dll
0x00007ffdcce70000 - 0x00007ffdccf81000 	C:\WINDOWS\System32\ucrtbase.dll
0x00007ffdbe810000 - 0x00007ffdbe825000 	C:\Users\eduar\.jdks\corretto-16.0.2\bin\VCRUNTIME140.dll
0x00007ffdc6a00000 - 0x00007ffdc6a18000 	C:\Users\eduar\.jdks\corretto-16.0.2\bin\jli.dll
0x00007ffdceb10000 - 0x00007ffdcecbd000 	C:\WINDOWS\System32\USER32.dll
0x00007ffdcd570000 - 0x00007ffdcd596000 	C:\WINDOWS\System32\win32u.dll
0x00007ffdcf4f0000 - 0x00007ffdcf519000 	C:\WINDOWS\System32\GDI32.dll
0x00007ffdb8cc0000 - 0x00007ffdb8f65000 	C:\WINDOWS\WinSxS\amd64_microsoft.windows.common-controls_6595b64144ccf1df_6.0.22000.120_none_9d947278b86cc467\COMCTL32.dll
0x00007ffdcccb0000 - 0x00007ffdccdc8000 	C:\WINDOWS\System32\gdi32full.dll
0x00007ffdccdd0000 - 0x00007ffdcce6d000 	C:\WINDOWS\System32\msvcp_win.dll
0x00007ffdcf120000 - 0x00007ffdcf1c3000 	C:\WINDOWS\System32\msvcrt.dll
0x00007ffdcf5a0000 - 0x00007ffdcf5d1000 	C:\WINDOWS\System32\IMM32.DLL
0x00007ffdaac80000 - 0x00007ffdaad1b000 	C:\Users\eduar\.jdks\corretto-16.0.2\bin\msvcp140.dll
0x00007ffd94a00000 - 0x00007ffd95609000 	C:\Users\eduar\.jdks\corretto-16.0.2\bin\server\jvm.dll
0x00007ffdcf070000 - 0x00007ffdcf11e000 	C:\WINDOWS\System32\ADVAPI32.dll
0x00007ffdceea0000 - 0x00007ffdcef3e000 	C:\WINDOWS\System32\sechost.dll
0x00007ffdce100000 - 0x00007ffdce220000 	C:\WINDOWS\System32\RPCRT4.dll
0x00007ffdcf6a0000 - 0x00007ffdcf6a8000 	C:\WINDOWS\System32\PSAPI.DLL
0x00007ffdc9fb0000 - 0x00007ffdc9fb9000 	C:\WINDOWS\SYSTEM32\WSOCK32.dll
0x00007ffdcd660000 - 0x00007ffdcd6cf000 	C:\WINDOWS\System32\WS2_32.dll
0x00007ffdc6870000 - 0x00007ffdc68a3000 	C:\WINDOWS\SYSTEM32\WINMM.dll
0x00007ffdc2860000 - 0x00007ffdc286a000 	C:\WINDOWS\SYSTEM32\VERSION.dll
0x00007ffdcbe20000 - 0x00007ffdcbe38000 	C:\WINDOWS\SYSTEM32\kernel.appcore.dll
0x00007ffdca030000 - 0x00007ffdca03a000 	C:\Users\eduar\.jdks\corretto-16.0.2\bin\jimage.dll
0x00007ffdba3a0000 - 0x00007ffdba5c1000 	C:\WINDOWS\SYSTEM32\DBGHELP.DLL
0x00007ffdb9dc0000 - 0x00007ffdb9df1000 	C:\WINDOWS\SYSTEM32\dbgcore.DLL
0x00007ffdccf90000 - 0x00007ffdcd00f000 	C:\WINDOWS\System32\bcryptPrimitives.dll
0x00007ffdc6860000 - 0x00007ffdc686e000 	C:\Users\eduar\.jdks\corretto-16.0.2\bin\instrument.dll
0x00007ffdbe680000 - 0x00007ffdbe6a5000 	C:\Users\eduar\.jdks\corretto-16.0.2\bin\java.dll

dbghelp: loaded successfully - version: 4.0.5 - missing functions: none
symbol engine: initialized successfully - sym options: 0x614 - pdb path: .;C:\Users\eduar\.jdks\corretto-16.0.2\bin;C:\WINDOWS\SYSTEM32;C:\WINDOWS\WinSxS\amd64_microsoft.windows.common-controls_6595b64144ccf1df_6.0.22000.120_none_9d947278b86cc467;C:\Users\eduar\.jdks\corretto-16.0.2\bin\server

VM Arguments:
jvm_args: -ea -Didea.test.cyclic.buffer.size=1048576 -javaagent:C:\Program Files\JetBrains\IntelliJ IDEA 2022.2.1\lib\idea_rt.jar=60053:C:\Program Files\JetBrains\IntelliJ IDEA 2022.2.1\bin -Dfile.encoding=UTF-8 
java_command: com.intellij.rt.junit.JUnitStarter -ideVersion5 -junit4 TestField.TestAuthFields
java_class_path (initial): C:\Program Files\JetBrains\IntelliJ IDEA 2022.2.1\lib\idea_rt.jar;C:\Program Files\JetBrains\IntelliJ IDEA 2022.2.1\plugins\junit\lib\junit5-rt.jar;C:\Program Files\JetBrains\IntelliJ IDEA 2022.2.1\plugins\junit\lib\junit-rt.jar;C:\Users\eduar\IdeaProjects\N-codeFE\target\test-classes;C:\Users\eduar\IdeaProjects\N-codeFE\target\classes;C:\Users\eduar\.m2\repository\org\junit\jupiter\junit-jupiter-engine\5.8.2\junit-jupiter-engine-5.8.2.jar;C:\Users\eduar\.m2\repository\org\junit\platform\junit-platform-engine\1.8.2\junit-platform-engine-1.8.2.jar;C:\Users\eduar\.m2\repository\org\opentest4j\opentest4j\1.2.0\opentest4j-1.2.0.jar;C:\Users\eduar\.m2\repository\org\junit\platform\junit-platform-commons\1.8.2\junit-platform-commons-1.8.2.jar;C:\Users\eduar\.m2\repository\org\junit\jupiter\junit-jupiter-api\5.8.2\junit-jupiter-api-5.8.2.jar;C:\Users\eduar\.m2\repository\org\apiguardian\apiguardian-api\1.1.2\apiguardian-api-1.1.2.jar;C:\Users\eduar\.m2\repository\org\seleniumhq\selenium\selenium-java\4.4.0\selenium-java-4.4.0.jar;C:\Users\eduar\.m2\repository\org\seleniumhq\selenium\selenium-api\4.4.0\selenium-api-4.4.0.jar;C:\Users\eduar\.m2\repository\org\seleniumhq\selenium\selenium-chrome-driver\4.4.0\selenium-chrome-driver-4.4.0.jar;C:\Users\eduar\.m2\repository\com\google\auto\service\auto-service-annotations\1.0.1\auto-service-annotations-1.0.1.jar;C:\Users\eduar\.m2\repository\com\google\auto\service\auto-service\1.0.1\auto-service-1.0.1.jar;C:\Users\eduar\.m2\repository\com\google\auto\auto-common\1.2\auto-common-1.2.jar;C:\Users\eduar\.m2\repository\com\google\guava\guava\31.1-jre\guava-31.1-jre.jar;C:\Users\eduar\.m2\repository\com\google\guava\failureaccess\1.0.1\failureaccess-1.0.1.jar;C:\Users\eduar\.m2\repository\com\google\guava\listenablefuture\9999.0-empty-to-avoid-conflict-with-guava\listenablefuture-9999.0-empty-to-avoid-conflict-with-guava.jar;C:\Users\eduar\.m2\repository\org\checkerframework\checker-qual\3.12.0\checker-qu
Launcher Type: SUN_STANDARD

[Global flags]
     intx CICompilerCount                          = 3                                         {product} {ergonomic}
     uint ConcGCThreads                            = 1                                         {product} {ergonomic}
     uint G1ConcRefinementThreads                  = 4                                         {product} {ergonomic}
   size_t G1HeapRegionSize                         = 1048576                                   {product} {ergonomic}
    uintx GCDrainStackTargetSize                   = 64                                        {product} {ergonomic}
   size_t InitialHeapSize                          = 134217728                                 {product} {ergonomic}
   size_t MarkStackSize                            = 4194304                                   {product} {ergonomic}
   size_t MaxHeapSize                              = 2126512128                                {product} {ergonomic}
   size_t MinHeapDeltaBytes                        = 1048576                                   {product} {ergonomic}
   size_t MinHeapSize                              = 8388608                                   {product} {ergonomic}
    uintx NonNMethodCodeHeapSize                   = 5832780                                {pd product} {ergonomic}
    uintx NonProfiledCodeHeapSize                  = 122912730                              {pd product} {ergonomic}
    uintx ProfiledCodeHeapSize                     = 122912730                              {pd product} {ergonomic}
    uintx ReservedCodeCacheSize                    = 251658240                              {pd product} {ergonomic}
     bool SegmentedCodeCache                       = true                                      {product} {ergonomic}
   size_t SoftMaxHeapSize                          = 2126512128                             {manageable} {ergonomic}
     bool UseCompressedClassPointers               = true                           {product lp64_product} {ergonomic}
     bool UseCompressedOops                        = true                           {product lp64_product} {ergonomic}
     bool UseG1GC                                  = true                                      {product} {ergonomic}
     bool UseLargePagesIndividualAllocation        = false                                  {pd product} {ergonomic}

Logging:
Log output configuration:
 #0: stdout all=warning uptime,level,tags
 #1: stderr all=off uptime,level,tags

Environment Variables:
PATH=C:\Program Files\Common Files\Oracle\Java\javapath;C:\WINDOWS\system32;C:\WINDOWS;C:\WINDOWS\System32\Wbem;C:\WINDOWS\System32\WindowsPowerShell\v1.0\;C:\WINDOWS\System32\OpenSSH\;D:\Работа\Git\cmd;C:\Program Files\nodejs\;C:\ProgramData\chocolatey\bin;C:\Program Files\Git\cmd;C:\Program Files\dotnet\;C:\Program Files\Hewlett-Packard\SimplePass\;C:\Program Files (x86)\Common Files\Acronis\SnapAPI\;C:\Users\eduar\AppData\Local\Microsoft\WindowsApps;C:\Program Files\JetBrains\IntelliJ IDEA Community Edition 2022.2\bin;;C:\Users\eduar\AppData\Roaming\npm;C:\Users\eduar\AppData\Local\Programs\Microsoft VS Code\bin;C:\Program Files\JetBrains\IntelliJ IDEA 2022.2.1\bin;;\WebDriver;
USERNAME=eduar
OS=Windows_NT
PROCESSOR_IDENTIFIER=Intel64 Family 6 Model 60 Stepping 3, GenuineIntel



---------------  S Y S T E M  ---------------

OS:
 Windows 10 , 64 bit Build 22000 (10.0.22000.708)
OS uptime: 1 days 23:29 hours
Hyper-V role detected

CPU: total 4 (initial active 4) (2 cores per cpu, 2 threads per core) family 6 model 60 stepping 3 microcode 0x28, cx8, cmov, fxsr, ht, mmx, sse, sse2, sse3, ssse3, sse4.1, sse4.2, popcnt, lzcnt, tsc, tscinvbit, avx, avx2, aes, erms, clmul, bmi1, bmi2, fma, vzeroupper, clflush, hv

Memory: 4k page, system-wide physical 8105M (993M free)
TotalPageFile size 12201M (AvailPageFile size 12M)
current process WorkingSet (physical memory assigned to process): 10M, peak: 10M
current process commit charge ("private bytes"): 51M, peak: 179M

vm_info: OpenJDK 64-Bit Server VM (16.0.2+7) for windows-amd64 JRE (16.0.2+7), built on Jul 22 2021 01:11:46 by "Administrator" with MS VC++ 15.9 (VS2017)

END.
